["```py\ndb=> SELECT *\nFROM personalized_recommendations \nWHERE customer_id = 1;\n...\n```", "```py\ndb=> \\d personalized_recommendations\n           Table \"public.personalized_recommendations\"\n    Column    |       Type       | Collation | Nullable | Default\n--------------+------------------+-----------+----------+---------\n customer_id  | integer          |           | not null |\n product_id   | integer          |           | not null |\n score        | double precision |           | not null |\n ...\nIndexes:\n    \"personalized_recommendations_temp_customer_id_idx1\" btree (customer_id)\n```", "```py\nEXPLAIN ANALYZE \nSELECT * \nFROM personalized_recommendations \nWHERE customer_id = 25001;\n\nQUERY PLAN\n— — — — — — — — — — — — —\nIndex Scan using personalized_recommendations_temp_customer_id_idx on personalized_recommendations (cost=0.57..863.90 rows=214 width=38) (actual time=10.372..110.246 rows=201 loops=1)\n Index Cond: (customer_id = 25001)\nPlanning time: 0.066 ms\nExecution time: 110.335 ms\n```", "```py\ncustomer_id | product_id | ctid\n — — — — — — -+ — — — — — — \n 1254 | 284670 | (3789,28)\n 1254 | 18934 | (7071,73)\n 1254 | 14795 | (8033,19)\n 1254 | 10908 | (9591,60)\n 1254 | 95032 | (11017,83)\n 1254 | 318562 | (11134,65)\n 1254 | 18854 | (11275,54)\n 1254 | 109943 | (11827,76)\n 1254 | 105 | (16309,104)\n 1254 | 3896 | (18432,8)\n 1254 | 3890 | (20062,90)\n 1254 | 318550 | (20488,84)\n 1254 | 37261 | (20585,62)\n ...\n```", "```py\nSELECT *, ctid FROM personalized_recommendations WHERE product_id = 284670\n product_id | customer_id |   ctid\n------------+-------------+----------\n     284670 |        1133 | (479502,71)\n     284670 |        2488 | (479502,72)\n     284670 |        3657 | (479502,73)\n     284670 |        2923 | (479502,74)\n     284670 |        6911 | (479502,75)\n     284670 |        9018 | (479502,76)\n     284670 |        4263 | (479502,77)\n     284670 |        1331 | (479502,78)\n     284670 |        3242 | (479502,79)\n     284670 |        3661 | (479502,80)\n     284670 |        9867 | (479502,81)\n     284670 |        7066 | (479502,82)\n     284670 |       10267 | (479502,83)\n     284670 |        7499 | (479502,84)\n     284670 |        8011 | (479502,85)\n```", "```py\ndf.repartition($”customer_id”)\n```", "```py\ndb=> SELECT product_id,customer_id,ctid FROM personalized_recommendations WHERE customer_id = 28460\nlimit 20;\n customer_id | product_id | ctid\n — — — — — — + — — — — — — -+ — — — — — \n 28460 | 1133 | (0,24)\n 28460 | 2488 | (4,7)\n 28460 | 3657 | (9,83)\n 28460 | 2923 | (18,54)\n 28460 | 6911 | (20,42)\n 28460 | 9018 | (31,59)\n 28460 | 4263 | (35,79)\n 28460 | 1331 | (38,14)\n 28460 | 3242 | (40,41)\n 28460 | 3661 | (55,105)\n 28460 | 9867 | (57,21)\n 28460 | 7066 | (61,28)\n 28460 | 10267 | (62,63)\n 28460 | 7499 | (66,8)\n```", "```py\ndf.repartition($”customer_id”).sortWithinPartitions($”customer_id”)\n```", "```py\ncustomer_id | product_id | ctid\n — — — — — — -+ — — — — — — + — — — — — -\n 1254 | 284670 | (212,95)\n 1254 | 18854 | (212,96)\n 1254 | 18850 | (212,97)\n 1254 | 318560 | (212,98)\n 1254 | 318562 | (212,99)\n 1254 | 318561 | (212,100)\n 1254 | 10732 | (212,101)\n 1254 | 108 | (212,102)\n 1254 | 11237 | (212,103)\n 1254 | 318058 | (212,104)\n 1254 | 38282 | (212,105)\n 1254 | 3884 | (212,106)\n 1254 | 31 | (212,107)\n 1254 | 318609 | (215,1)\n 1254 | 2 | (215,2)\n 1254 | 240846 | (215,3)\n 1254 | 197964 | (215,4)\n 1254 | 232970 | (215,5)\n 1254 | 124472 | (215,6)\n 1254 | 19481 | (215,7)\n …\n```", "```py\nEXPLAIN ANALYZE \nSELECT * \nFROM personalized_recommendations \nWHERE customer_id = 25001;\n\nQUERY PLAN\n\nBitmap Heap Scan on personalized_recommendations(cost=66.87..13129.94 rows=3394 width=38) (actual time=2.843..3.259 rows=201 loops=1)\n Recheck Cond: (customer_id = 25001)\n Heap Blocks: exact=2\n -> Bitmap Index Scan on personalized_recommendations_temp_customer_id_idx (cost=0.00..66.02 rows=3394 width=0) (actual time=1.995..1.995 rows=201 loops=1)\n Index Cond: (customer_id = 25001)\n Planning time: 0.067 ms\n Execution time: 3.322 ms\n```"]