["```py\nEXPLAIN\nSELECT *\nFROM one_million;\n\nQUERY PLAN\n____________________________________________________\nSeq Scan on one_million\n(cost=0.00..18584.82 rows=1025082 width=36)\n(1 row)\n```", "```py\nANALYZE one_million;\nEXPLAIN\nSELECT *\nFROM one_million;\n\nQUERY PLAN\n____________________________________________________\nSeq Scan on one_million\n(cost=0.00..18334.00 rows=1000000 width=37)\n(1 row)\n```", "```py\nEXPLAIN ANALYZE\nSELECT *\nFROM one_million;\n\nQUERY PLAN\n___________________________________________________________\nSeq Scan on one_million\n(cost=0.00..18334.00 rows=1000000 width=37)\n(actual time=0.015..1207.019 rows=1000000 loops=1)\nTotal runtime: 2320.146 ms\n(2 rows)\n```", "```py\nEXPLAIN ANALYZE\nSELECT *\nFROM one_million JOIN half_million\nON (one_million.counter=half_million.counter);\n\nQUERY PLAN\n_________________________________________________________________\nHash Join (cost=15417.00..68831.00 rows=500000 width=42)\n(actual time=1241.471..5912.553 rows=500000 loops=1)\nHash Cond: (one_million.counter = half_million.counter)\n    -> Seq Scan on one_million\n    (cost=0.00..18334.00 rows=1000000 width=37)\n    (actual time=0.007..1254.027 rows=1000000 loops=1)\n    -> Hash (cost=7213.00..7213.00 rows=500000 width=5)\n    (actual time=1241.251..1241.251 rows=500000 loops=1)\n    Buckets: 4096 Batches: 16 Memory Usage: 770kB\n    -> Seq Scan on half_million\n    (cost=0.00..7213.00 rows=500000 width=5)\n(actual time=0.008..601.128 rows=500000 loops=1)\nTotal runtime: 6468.337 ms\n```", "```py\nCREATE INDEX ON half_million(counter);\nEXPLAIN ANALYZE\nSELECT *\nFROM one_million JOIN half_million\nON (one_million.counter=half_million.counter);\n\nQUERY PLAN\n________________________________________________________________\nMerge Join (cost=4.12..37650.65 rows=500000 width=42)\n(actual time=0.033..3272.940 rows=500000 loops=1)\nMerge Cond: (one_million.counter = half_million.counter)\n    -> Index Scan using one_million_counter_idx on one_million\n    (cost=0.00..32129.34 rows=1000000 width=37)\n    (actual time=0.011..694.466 rows=500001 loops=1)\n    -> Index Scan using half_million_counter_idx on half_million\n    (cost=0.00..14120.29 rows=500000 width=5)\n(actual time=0.010..683.674 rows=500000 loops=1)\nTotal runtime: 3833.310 ms\n(5 rows)\n```"]